<?xml version="1.0" encoding="UTF-8" ?>
<testsuite failures="0" time="0.016" errors="0" skipped="0" tests="4" name="org.efs.openreports.objects.TestReportBook">
  <properties>
    <property name="java.runtime.name" value="Java(TM) SE Runtime Environment"/>
    <property name="sun.boot.library.path" value="C:\Java\jdk1.6.0_21\jre\bin"/>
    <property name="java.vm.version" value="17.0-b17"/>
    <property name="java.vm.vendor" value="Sun Microsystems Inc."/>
    <property name="java.vendor.url" value="http://java.sun.com/"/>
    <property name="path.separator" value=";"/>
    <property name="java.vm.name" value="Java HotSpot(TM) Client VM"/>
    <property name="file.encoding.pkg" value="sun.io"/>
    <property name="user.country" value="US"/>
    <property name="sun.java.launcher" value="SUN_STANDARD"/>
    <property name="sun.os.patch.level" value="Service Pack 3"/>
    <property name="java.vm.specification.name" value="Java Virtual Machine Specification"/>
    <property name="user.dir" value="C:\dev\workspace-3.6.1-trunk\openreports-parent\openreports-core"/>
    <property name="java.runtime.version" value="1.6.0_21-b07"/>
    <property name="java.awt.graphicsenv" value="sun.awt.Win32GraphicsEnvironment"/>
    <property name="basedir" value="C:\dev\workspace-3.6.1-trunk\openreports-parent\openreports-core"/>
    <property name="java.endorsed.dirs" value="C:\Java\jdk1.6.0_21\jre\lib\endorsed"/>
    <property name="os.arch" value="x86"/>
    <property name="surefire.real.class.path" value="C:\dev\workspace-3.6.1-trunk\openreports-parent\openreports-core\target\surefire\surefirebooter5827224210913477962.jar"/>
    <property name="java.io.tmpdir" value="C:\DOCUME~1\jfruncek\LOCALS~1\Temp\"/>
    <property name="line.separator" value="
"/>
    <property name="java.vm.specification.vendor" value="Sun Microsystems Inc."/>
    <property name="user.variant" value=""/>
    <property name="os.name" value="Windows XP"/>
    <property name="sun.jnu.encoding" value="Cp1252"/>
    <property name="java.library.path" value="C:\Java\jdk1.6.0_21\jre\bin;.;C:\WINDOWS\Sun\Java\bin;C:\WINDOWS\system32;C:\WINDOWS;C:/Java/jdk1.6.0_21/bin/../jre/bin/client;C:/Java/jdk1.6.0_21/bin/../jre/bin;C:/Java/jdk1.6.0_21/bin/../jre/lib/i386;C:\oracle\product\10.2.0\db_1\bin;C:\Perl\bin\;C:\Java\jdk1.6.0_21\bin;C:\WINDOWS\system32;C:\WINDOWS;C:\WINDOWS\System32\Wbem;C:\Program Files\ATI Technologies\ATI.ACE\Core-Static;C:\Program Files\TortoiseSVN\bin;C:\apps\Subversion\bin;C:\apps\IBM\\bin;C:\Program Files\Microsoft SQL Server\80\Tools\Binn\;C:\Program Files\Microsoft SQL Server\90\Tools\binn\;C:\Program Files\Microsoft SQL Server\90\DTS\Binn\;C:\Program Files\Microsoft SQL Server\90\Tools\Binn\VSShell\Common7\IDE\;C:\Program Files\Hummingbird\Connectivity\7.11\Accessories\"/>
    <property name="surefire.test.class.path" value="C:\dev\workspace-3.6.1-trunk\openreports-parent\openreports-core\target\test-classes;C:\dev\workspace-3.6.1-trunk\openreports-parent\openreports-core\target\classes;C:\Documents and Settings\jfruncek\.m2\repository\commons-codec\commons-codec\1.4\commons-codec-1.4.jar;C:\Documents and Settings\jfruncek\.m2\repository\commons-collections\commons-collections\3.2\commons-collections-3.2.jar;C:\Documents and Settings\jfruncek\.m2\repository\commons-dbcp\commons-dbcp\1.3\commons-dbcp-1.3.jar;C:\Documents and Settings\jfruncek\.m2\repository\commons-pool\commons-pool\1.5.4\commons-pool-1.5.4.jar;C:\Documents and Settings\jfruncek\.m2\repository\commons-io\commons-io\1.4\commons-io-1.4.jar;C:\Documents and Settings\jfruncek\.m2\repository\commons-lang\commons-lang\2.1\commons-lang-2.1.jar;C:\Documents and Settings\jfruncek\.m2\repository\displaytag\displaytag\1.2\displaytag-1.2.jar;C:\Documents and Settings\jfruncek\.m2\repository\com\lowagie\itext\1.3\itext-1.3.jar;C:\Documents and Settings\jfruncek\.m2\repository\commons-beanutils\commons-beanutils\1.7.0\commons-beanutils-1.7.0.jar;C:\Documents and Settings\jfruncek\.m2\repository\org\slf4j\jcl104-over-slf4j\1.4.2\jcl104-over-slf4j-1.4.2.jar;C:\Documents and Settings\jfruncek\.m2\repository\org\slf4j\slf4j-log4j12\1.4.2\slf4j-log4j12-1.4.2.jar;C:\Documents and Settings\jfruncek\.m2\repository\javax\servlet\servlet-api\2.5\servlet-api-2.5.jar;C:\Documents and Settings\jfruncek\.m2\repository\javax\servlet\jsp\jsp-api\2.0\jsp-api-2.0.jar;C:\Documents and Settings\jfruncek\.m2\repository\com\opensymphony\xwork\2.0.4\xwork-2.0.4.jar;C:\Documents and Settings\jfruncek\.m2\repository\commons-logging\commons-logging\1.0.4\commons-logging-1.0.4.jar;C:\Documents and Settings\jfruncek\.m2\repository\opensymphony\ognl\2.6.11\ognl-2.6.11.jar;C:\Documents and Settings\jfruncek\.m2\repository\jasperreports\jasperreports\3.5.3\jasperreports-3.5.3.jar;C:\Documents and Settings\jfruncek\.m2\repository\commons-digester\commons-digester\1.7\commons-digester-1.7.jar;C:\Documents and Settings\jfruncek\.m2\repository\jfree\jcommon\1.0.15\jcommon-1.0.15.jar;C:\Documents and Settings\jfruncek\.m2\repository\jfree\jfreechart\1.0.12\jfreechart-1.0.12.jar;C:\Documents and Settings\jfruncek\.m2\repository\eclipse\jdtcore\3.1.0\jdtcore-3.1.0.jar;C:\Documents and Settings\jfruncek\.m2\repository\log4j\log4j\1.2.15\log4j-1.2.15.jar;C:\Documents and Settings\jfruncek\.m2\repository\javax\mail\mail\1.4\mail-1.4.jar;C:\Documents and Settings\jfruncek\.m2\repository\javax\activation\activation\1.1\activation-1.1.jar;C:\Documents and Settings\jfruncek\.m2\repository\javax\jms\jms\1.1\jms-1.1.jar;C:\Documents and Settings\jfruncek\.m2\repository\com\sun\jdmk\jmxtools\1.2.1\jmxtools-1.2.1.jar;C:\Documents and Settings\jfruncek\.m2\repository\com\sun\jmx\jmxri\1.2.1\jmxri-1.2.1.jar;C:\Documents and Settings\jfruncek\.m2\repository\net\sf\jxls\jxls-core\0.9.9\jxls-core-0.9.9.jar;C:\Documents and Settings\jfruncek\.m2\repository\commons-jexl\commons-jexl\1.1\commons-jexl-1.1.jar;C:\Documents and Settings\jfruncek\.m2\repository\org\quartz-scheduler\quartz\1.8.0\quartz-1.8.0.jar;C:\Documents and Settings\jfruncek\.m2\repository\javax\transaction\jta\1.1\jta-1.1.jar;C:\Documents and Settings\jfruncek\.m2\repository\org\slf4j\slf4j-api\1.5.10\slf4j-api-1.5.10.jar;C:\Documents and Settings\jfruncek\.m2\repository\org\apache\poi\poi\3.5-FINAL\poi-3.5-FINAL.jar;C:\Documents and Settings\jfruncek\.m2\repository\org\apache\poi\poi-ooxml\3.5-FINAL\poi-ooxml-3.5-FINAL.jar;C:\Documents and Settings\jfruncek\.m2\repository\org\apache\poi\ooxml-schemas\1.0\ooxml-schemas-1.0.jar;C:\Documents and Settings\jfruncek\.m2\repository\dom4j\dom4j\1.6.1\dom4j-1.6.1.jar;C:\Documents and Settings\jfruncek\.m2\repository\org\apache\struts\struts2-core\2.2.1\struts2-core-2.2.1.jar;C:\Documents and Settings\jfruncek\.m2\repository\org\apache\struts\xwork\xwork-core\2.2.1\xwork-core-2.2.1.jar;C:\Documents and Settings\jfruncek\.m2\repository\org\freemarker\freemarker\2.3.16\freemarker-2.3.16.jar;C:\Documents and Settings\jfruncek\.m2\repository\ognl\ognl\3.0\ognl-3.0.jar;C:\Documents and Settings\jfruncek\.m2\repository\commons-fileupload\commons-fileupload\1.2.1\commons-fileupload-1.2.1.jar;C:\Java\jdk1.6.0_21\jre\..\lib\tools.jar;C:\Documents and Settings\jfruncek\.m2\repository\org\springframework\spring-context\2.5.6\spring-context-2.5.6.jar;C:\Documents and Settings\jfruncek\.m2\repository\aopalliance\aopalliance\1.0\aopalliance-1.0.jar;C:\Documents and Settings\jfruncek\.m2\repository\org\springframework\spring-beans\2.5.6\spring-beans-2.5.6.jar;C:\Documents and Settings\jfruncek\.m2\repository\org\springframework\spring-core\2.5.6\spring-core-2.5.6.jar;C:\Documents and Settings\jfruncek\.m2\repository\org\hibernate\hibernate\3.2.7.ga\hibernate-3.2.7.ga.jar;C:\Documents and Settings\jfruncek\.m2\repository\net\sf\ehcache\ehcache\1.2.3\ehcache-1.2.3.jar;C:\Documents and Settings\jfruncek\.m2\repository\asm\asm-attrs\1.5.3\asm-attrs-1.5.3.jar;C:\Documents and Settings\jfruncek\.m2\repository\antlr\antlr\2.7.6\antlr-2.7.6.jar;C:\Documents and Settings\jfruncek\.m2\repository\cglib\cglib\2.1_3\cglib-2.1_3.jar;C:\Documents and Settings\jfruncek\.m2\repository\asm\asm\1.5.3\asm-1.5.3.jar;C:\Documents and Settings\jfruncek\.m2\repository\org\springframework\spring\2.0.8\spring-2.0.8.jar;C:\Documents and Settings\jfruncek\.m2\repository\net\sf\opencsv\opencsv\2.1\opencsv-2.1.jar;C:\Documents and Settings\jfruncek\.m2\repository\org\apache\velocity\velocity\1.7\velocity-1.7.jar;C:\Documents and Settings\jfruncek\.m2\repository\junit\junit\3.8.1\junit-3.8.1.jar;C:\Documents and Settings\jfruncek\.m2\repository\com\oracle\ojdbc6\11.2.0.1\ojdbc6-11.2.0.1.jar;C:\Documents and Settings\jfruncek\.m2\repository\commons-cli\commons-cli\1.2\commons-cli-1.2.jar;C:\Documents and Settings\jfruncek\.m2\repository\org\apache\xbean\xbean-spring\3.2\xbean-spring-3.2.jar;C:\Documents and Settings\jfruncek\.m2\repository\com\thoughtworks\xstream\xstream\1.3.1\xstream-1.3.1.jar;C:\Documents and Settings\jfruncek\.m2\repository\xpp3\xpp3_min\1.1.4c\xpp3_min-1.1.4c.jar;C:\Documents and Settings\jfruncek\.m2\repository\hsqldb\hsqldb\1.8.0.7\hsqldb-1.8.0.7.jar;"/>
    <property name="java.specification.name" value="Java Platform API Specification"/>
    <property name="java.class.version" value="50.0"/>
    <property name="sun.management.compiler" value="HotSpot Client Compiler"/>
    <property name="os.version" value="5.1"/>
    <property name="user.home" value="C:\Documents and Settings\jfruncek"/>
    <property name="user.timezone" value=""/>
    <property name="java.awt.printerjob" value="sun.awt.windows.WPrinterJob"/>
    <property name="java.specification.version" value="1.6"/>
    <property name="file.encoding" value="Cp1252"/>
    <property name="user.name" value="jfruncek"/>
    <property name="java.class.path" value="C:\dev\workspace-3.6.1-trunk\openreports-parent\openreports-core\target\test-classes;C:\dev\workspace-3.6.1-trunk\openreports-parent\openreports-core\target\classes;C:\Documents and Settings\jfruncek\.m2\repository\commons-codec\commons-codec\1.4\commons-codec-1.4.jar;C:\Documents and Settings\jfruncek\.m2\repository\commons-collections\commons-collections\3.2\commons-collections-3.2.jar;C:\Documents and Settings\jfruncek\.m2\repository\commons-dbcp\commons-dbcp\1.3\commons-dbcp-1.3.jar;C:\Documents and Settings\jfruncek\.m2\repository\commons-pool\commons-pool\1.5.4\commons-pool-1.5.4.jar;C:\Documents and Settings\jfruncek\.m2\repository\commons-io\commons-io\1.4\commons-io-1.4.jar;C:\Documents and Settings\jfruncek\.m2\repository\commons-lang\commons-lang\2.1\commons-lang-2.1.jar;C:\Documents and Settings\jfruncek\.m2\repository\displaytag\displaytag\1.2\displaytag-1.2.jar;C:\Documents and Settings\jfruncek\.m2\repository\com\lowagie\itext\1.3\itext-1.3.jar;C:\Documents and Settings\jfruncek\.m2\repository\commons-beanutils\commons-beanutils\1.7.0\commons-beanutils-1.7.0.jar;C:\Documents and Settings\jfruncek\.m2\repository\org\slf4j\jcl104-over-slf4j\1.4.2\jcl104-over-slf4j-1.4.2.jar;C:\Documents and Settings\jfruncek\.m2\repository\org\slf4j\slf4j-log4j12\1.4.2\slf4j-log4j12-1.4.2.jar;C:\Documents and Settings\jfruncek\.m2\repository\javax\servlet\servlet-api\2.5\servlet-api-2.5.jar;C:\Documents and Settings\jfruncek\.m2\repository\javax\servlet\jsp\jsp-api\2.0\jsp-api-2.0.jar;C:\Documents and Settings\jfruncek\.m2\repository\com\opensymphony\xwork\2.0.4\xwork-2.0.4.jar;C:\Documents and Settings\jfruncek\.m2\repository\commons-logging\commons-logging\1.0.4\commons-logging-1.0.4.jar;C:\Documents and Settings\jfruncek\.m2\repository\opensymphony\ognl\2.6.11\ognl-2.6.11.jar;C:\Documents and Settings\jfruncek\.m2\repository\jasperreports\jasperreports\3.5.3\jasperreports-3.5.3.jar;C:\Documents and Settings\jfruncek\.m2\repository\commons-digester\commons-digester\1.7\commons-digester-1.7.jar;C:\Documents and Settings\jfruncek\.m2\repository\jfree\jcommon\1.0.15\jcommon-1.0.15.jar;C:\Documents and Settings\jfruncek\.m2\repository\jfree\jfreechart\1.0.12\jfreechart-1.0.12.jar;C:\Documents and Settings\jfruncek\.m2\repository\eclipse\jdtcore\3.1.0\jdtcore-3.1.0.jar;C:\Documents and Settings\jfruncek\.m2\repository\log4j\log4j\1.2.15\log4j-1.2.15.jar;C:\Documents and Settings\jfruncek\.m2\repository\javax\mail\mail\1.4\mail-1.4.jar;C:\Documents and Settings\jfruncek\.m2\repository\javax\activation\activation\1.1\activation-1.1.jar;C:\Documents and Settings\jfruncek\.m2\repository\javax\jms\jms\1.1\jms-1.1.jar;C:\Documents and Settings\jfruncek\.m2\repository\com\sun\jdmk\jmxtools\1.2.1\jmxtools-1.2.1.jar;C:\Documents and Settings\jfruncek\.m2\repository\com\sun\jmx\jmxri\1.2.1\jmxri-1.2.1.jar;C:\Documents and Settings\jfruncek\.m2\repository\net\sf\jxls\jxls-core\0.9.9\jxls-core-0.9.9.jar;C:\Documents and Settings\jfruncek\.m2\repository\commons-jexl\commons-jexl\1.1\commons-jexl-1.1.jar;C:\Documents and Settings\jfruncek\.m2\repository\org\quartz-scheduler\quartz\1.8.0\quartz-1.8.0.jar;C:\Documents and Settings\jfruncek\.m2\repository\javax\transaction\jta\1.1\jta-1.1.jar;C:\Documents and Settings\jfruncek\.m2\repository\org\slf4j\slf4j-api\1.5.10\slf4j-api-1.5.10.jar;C:\Documents and Settings\jfruncek\.m2\repository\org\apache\poi\poi\3.5-FINAL\poi-3.5-FINAL.jar;C:\Documents and Settings\jfruncek\.m2\repository\org\apache\poi\poi-ooxml\3.5-FINAL\poi-ooxml-3.5-FINAL.jar;C:\Documents and Settings\jfruncek\.m2\repository\org\apache\poi\ooxml-schemas\1.0\ooxml-schemas-1.0.jar;C:\Documents and Settings\jfruncek\.m2\repository\dom4j\dom4j\1.6.1\dom4j-1.6.1.jar;C:\Documents and Settings\jfruncek\.m2\repository\org\apache\struts\struts2-core\2.2.1\struts2-core-2.2.1.jar;C:\Documents and Settings\jfruncek\.m2\repository\org\apache\struts\xwork\xwork-core\2.2.1\xwork-core-2.2.1.jar;C:\Documents and Settings\jfruncek\.m2\repository\org\freemarker\freemarker\2.3.16\freemarker-2.3.16.jar;C:\Documents and Settings\jfruncek\.m2\repository\ognl\ognl\3.0\ognl-3.0.jar;C:\Documents and Settings\jfruncek\.m2\repository\commons-fileupload\commons-fileupload\1.2.1\commons-fileupload-1.2.1.jar;C:\Java\jdk1.6.0_21\jre\..\lib\tools.jar;C:\Documents and Settings\jfruncek\.m2\repository\org\springframework\spring-context\2.5.6\spring-context-2.5.6.jar;C:\Documents and Settings\jfruncek\.m2\repository\aopalliance\aopalliance\1.0\aopalliance-1.0.jar;C:\Documents and Settings\jfruncek\.m2\repository\org\springframework\spring-beans\2.5.6\spring-beans-2.5.6.jar;C:\Documents and Settings\jfruncek\.m2\repository\org\springframework\spring-core\2.5.6\spring-core-2.5.6.jar;C:\Documents and Settings\jfruncek\.m2\repository\org\hibernate\hibernate\3.2.7.ga\hibernate-3.2.7.ga.jar;C:\Documents and Settings\jfruncek\.m2\repository\net\sf\ehcache\ehcache\1.2.3\ehcache-1.2.3.jar;C:\Documents and Settings\jfruncek\.m2\repository\asm\asm-attrs\1.5.3\asm-attrs-1.5.3.jar;C:\Documents and Settings\jfruncek\.m2\repository\antlr\antlr\2.7.6\antlr-2.7.6.jar;C:\Documents and Settings\jfruncek\.m2\repository\cglib\cglib\2.1_3\cglib-2.1_3.jar;C:\Documents and Settings\jfruncek\.m2\repository\asm\asm\1.5.3\asm-1.5.3.jar;C:\Documents and Settings\jfruncek\.m2\repository\org\springframework\spring\2.0.8\spring-2.0.8.jar;C:\Documents and Settings\jfruncek\.m2\repository\net\sf\opencsv\opencsv\2.1\opencsv-2.1.jar;C:\Documents and Settings\jfruncek\.m2\repository\org\apache\velocity\velocity\1.7\velocity-1.7.jar;C:\Documents and Settings\jfruncek\.m2\repository\junit\junit\3.8.1\junit-3.8.1.jar;C:\Documents and Settings\jfruncek\.m2\repository\com\oracle\ojdbc6\11.2.0.1\ojdbc6-11.2.0.1.jar;C:\Documents and Settings\jfruncek\.m2\repository\commons-cli\commons-cli\1.2\commons-cli-1.2.jar;C:\Documents and Settings\jfruncek\.m2\repository\org\apache\xbean\xbean-spring\3.2\xbean-spring-3.2.jar;C:\Documents and Settings\jfruncek\.m2\repository\com\thoughtworks\xstream\xstream\1.3.1\xstream-1.3.1.jar;C:\Documents and Settings\jfruncek\.m2\repository\xpp3\xpp3_min\1.1.4c\xpp3_min-1.1.4c.jar;C:\Documents and Settings\jfruncek\.m2\repository\hsqldb\hsqldb\1.8.0.7\hsqldb-1.8.0.7.jar;"/>
    <property name="java.vm.specification.version" value="1.0"/>
    <property name="sun.arch.data.model" value="32"/>
    <property name="java.home" value="C:\Java\jdk1.6.0_21\jre"/>
    <property name="java.specification.vendor" value="Sun Microsystems Inc."/>
    <property name="user.language" value="en"/>
    <property name="awt.toolkit" value="sun.awt.windows.WToolkit"/>
    <property name="java.vm.info" value="mixed mode, sharing"/>
    <property name="java.version" value="1.6.0_21"/>
    <property name="java.ext.dirs" value="C:\Java\jdk1.6.0_21\jre\lib\ext;C:\WINDOWS\Sun\Java\lib\ext"/>
    <property name="sun.boot.class.path" value="C:\Java\jdk1.6.0_21\jre\lib\resources.jar;C:\Java\jdk1.6.0_21\jre\lib\rt.jar;C:\Java\jdk1.6.0_21\jre\lib\sunrsasign.jar;C:\Java\jdk1.6.0_21\jre\lib\jsse.jar;C:\Java\jdk1.6.0_21\jre\lib\jce.jar;C:\Java\jdk1.6.0_21\jre\lib\charsets.jar;C:\Java\jdk1.6.0_21\jre\classes"/>
    <property name="java.vendor" value="Sun Microsystems Inc."/>
    <property name="localRepository" value="C:\Documents and Settings\jfruncek\.m2\repository"/>
    <property name="file.separator" value="\"/>
    <property name="java.vendor.url.bug" value="http://java.sun.com/cgi-bin/bugreport.cgi"/>
    <property name="sun.cpu.endian" value="little"/>
    <property name="sun.io.unicode.encoding" value="UnicodeLittle"/>
    <property name="sun.desktop" value="windows"/>
    <property name="sun.cpu.isalist" value="pentium_pro+mmx pentium_pro pentium+mmx pentium i486 i386 i86"/>
  </properties>
  <testcase time="0" classname="org.efs.openreports.objects.TestReportBook" name="testIsValidGroup_PassedNullGroup"/>
  <testcase time="0" classname="org.efs.openreports.objects.TestReportBook" name="testIsValidGroup_PassedNullGroupAfterGroupsAssigned"/>
  <testcase time="0" classname="org.efs.openreports.objects.TestReportBook" name="testIsValidGroup_PassedGroup"/>
  <testcase time="0" classname="org.efs.openreports.objects.TestReportBook" name="testIsValidGroup_PassedGroupBeforeAssignedGroups"/>
</testsuite>